<?xml version="1.0" encoding="UTF-8"?>
<!-- Generated by org.testng.reporters.JUnitXMLReporter -->
<testsuite ignored="5" hostname="MC-VD-SNAG-02" failures="2" tests="2" name="tes" time="0.539" errors="0" timestamp="2024-10-18T09:26:52 IST">
  <testcase classname="ChandrikaTest.javascriptexec" name="launchBrowser" time="0.313">
    <failure type="java.lang.NoSuchMethodError" message="&amp;apos;org.openqa.selenium.manager.SeleniumManagerOutput$Result org.openqa.selenium.manager.SeleniumManager.getDriverPath(org.openqa.selenium.Capabilities, boolean)&amp;apos;">
      <![CDATA[java.lang.NoSuchMethodError: 'org.openqa.selenium.manager.SeleniumManagerOutput$Result org.openqa.selenium.manager.SeleniumManager.getDriverPath(org.openqa.selenium.Capabilities, boolean)'
at org.openqa.selenium.remote.service.DriverFinder.getPath(DriverFinder.java:45)
at org.openqa.selenium.remote.service.DriverFinder.getPath(DriverFinder.java:33)
at org.openqa.selenium.chrome.ChromeDriver.generateExecutor(ChromeDriver.java:99)
at org.openqa.selenium.chrome.ChromeDriver.<init>(ChromeDriver.java:89)
at org.openqa.selenium.chrome.ChromeDriver.<init>(ChromeDriver.java:84)
at org.openqa.selenium.chrome.ChromeDriver.<init>(ChromeDriver.java:52)
at ChandrikaTest.javascriptexec.launchBrowser(javascriptexec.java:22)
at java.base/java.util.ArrayList.forEach(ArrayList.java:1511)
... Removed 27 stack frames]]>
    </failure>
  </testcase> <!-- launchBrowser -->
  <testcase classname="ChandrikaTest.scrnshot" name="takscreenShot" time="0.003">
    <failure type="java.lang.NoSuchMethodError" message="&amp;apos;org.openqa.selenium.manager.SeleniumManagerOutput$Result org.openqa.selenium.manager.SeleniumManager.getDriverPath(org.openqa.selenium.Capabilities, boolean)&amp;apos;">
      <![CDATA[java.lang.NoSuchMethodError: 'org.openqa.selenium.manager.SeleniumManagerOutput$Result org.openqa.selenium.manager.SeleniumManager.getDriverPath(org.openqa.selenium.Capabilities, boolean)'
at org.openqa.selenium.remote.service.DriverFinder.getPath(DriverFinder.java:45)
at org.openqa.selenium.remote.service.DriverFinder.getPath(DriverFinder.java:33)
at org.openqa.selenium.chrome.ChromeDriver.generateExecutor(ChromeDriver.java:99)
at org.openqa.selenium.chrome.ChromeDriver.<init>(ChromeDriver.java:89)
at org.openqa.selenium.chrome.ChromeDriver.<init>(ChromeDriver.java:84)
at org.openqa.selenium.chrome.ChromeDriver.<init>(ChromeDriver.java:52)
at ChandrikaTest.scrnshot.takscreenShot(scrnshot.java:25)
at java.base/java.util.ArrayList.forEach(ArrayList.java:1511)
... Removed 27 stack frames]]>
    </failure>
  </testcase> <!-- takscreenShot -->
  <testcase classname="ChandrikaTest.javascriptexec" name="scrolltoelement" time="0.0">
    <ignored/>
  </testcase> <!-- scrolltoelement -->
  <testcase classname="ChandrikaTest.javascriptexec" name="setvalue" time="0.0">
    <ignored/>
  </testcase> <!-- setvalue -->
  <testcase classname="ChandrikaTest.javascriptexec" name="click" time="0.0">
    <ignored/>
  </testcase> <!-- click -->
  <testcase classname="ChandrikaTest.javascriptexec" name="scrolltoEnd" time="0.0">
    <ignored/>
  </testcase> <!-- scrolltoEnd -->
  <testcase classname="ChandrikaTest.javascriptexec" name="scrollpixel" time="0.0">
    <ignored/>
  </testcase> <!-- scrollpixel -->
</testsuite> <!-- tes -->
